<?xml version="1.0" encoding="UTF-8"?>
<!-- Generated by org.testng.reporters.JUnitXMLReporter -->
<testsuite ignored="0" hostname="Amits-MacBook-Air.local" failures="1" tests="3" name="Verify investor is able to sign-up as an investor in the application and complete the onboarding process." time="143.291" errors="0" timestamp="02 Oct 2023 08:38:56 GMT">
  <testcase classname="com.pitch40.test.InvestorSignUpTest" name="InvestorSignUpNameCheck" time="14.507"/>
  <testcase classname="com.pitch40.test.InvestorSignUpTest" name="InvestorSignUpEmailIDCheck" time="12.064"/>
  <testcase classname="com.pitch40.test.InvestorSignUpTest" name="InvestorOnboarding" time="85.386">
    <failure type="org.openqa.selenium.NoSuchElementException" message="An element could not be located on the page using the given search parameters.
For documentation on this error, please visit: https://www.selenium.dev/documentation/webdriver/troubleshooting/errors#no-such-element-exception
Build info: version: &amp;apos;4.10.0&amp;apos;, revision: &amp;apos;c14d967899&amp;apos;
System info: os.name: &amp;apos;Mac OS X&amp;apos;, os.arch: &amp;apos;x86_64&amp;apos;, os.version: &amp;apos;13.5.2&amp;apos;, java.version: &amp;apos;17.0.7&amp;apos;
Driver info: io.appium.java_client.android.AndroidDriver
Command: [ebbd30bc-705e-4c49-83b5-1fe2fdee64d1, findElement {using=accessibility id, value=Done}]
Capabilities {appium:app: /Users/amit/Desktop/My_Fold..., appium:appPackage: com.pitch40.app, appium:autoGrantPermissions: true, appium:automationName: UIAutomator2, appium:databaseEnabled: false, appium:desired: {app: /Users/amit/Desktop/My_Fold..., autoGrantPermissions: true, automationName: UIAutomator2, deviceName: Pixel_3a_API_33_arm64-v8a, permissions: location,camera, platformName: ANDROID}, appium:deviceApiLevel: 33, appium:deviceManufacturer: Google, appium:deviceModel: sdk_gphone64_arm64, appium:deviceName: emulator-5554, appium:deviceScreenDensity: 440, appium:deviceScreenSize: 1080x2220, appium:deviceUDID: emulator-5554, appium:javascriptEnabled: true, appium:locationContextEnabled: false, appium:networkConnectionEnabled: true, appium:permissions: location,camera, appium:pixelRatio: 2.75, appium:platformVersion: 13, appium:statBarHeight: 66, appium:takesScreenshot: true, appium:viewportRect: {height: 2088, left: 0, top: 66, width: 1080}, appium:warnings: {}, appium:webStorageEnabled: false, platformName: ANDROID}
Session ID: ebbd30bc-705e-4c49-83b5-1fe2fdee64d1">
      <![CDATA[org.openqa.selenium.NoSuchElementException: An element could not be located on the page using the given search parameters.
For documentation on this error, please visit: https://www.selenium.dev/documentation/webdriver/troubleshooting/errors#no-such-element-exception
Build info: version: '4.10.0', revision: 'c14d967899'
System info: os.name: 'Mac OS X', os.arch: 'x86_64', os.version: '13.5.2', java.version: '17.0.7'
Driver info: io.appium.java_client.android.AndroidDriver
Command: [ebbd30bc-705e-4c49-83b5-1fe2fdee64d1, findElement {using=accessibility id, value=Done}]
Capabilities {appium:app: /Users/amit/Desktop/My_Fold..., appium:appPackage: com.pitch40.app, appium:autoGrantPermissions: true, appium:automationName: UIAutomator2, appium:databaseEnabled: false, appium:desired: {app: /Users/amit/Desktop/My_Fold..., autoGrantPermissions: true, automationName: UIAutomator2, deviceName: Pixel_3a_API_33_arm64-v8a, permissions: location,camera, platformName: ANDROID}, appium:deviceApiLevel: 33, appium:deviceManufacturer: Google, appium:deviceModel: sdk_gphone64_arm64, appium:deviceName: emulator-5554, appium:deviceScreenDensity: 440, appium:deviceScreenSize: 1080x2220, appium:deviceUDID: emulator-5554, appium:javascriptEnabled: true, appium:locationContextEnabled: false, appium:networkConnectionEnabled: true, appium:permissions: location,camera, appium:pixelRatio: 2.75, appium:platformVersion: 13, appium:statBarHeight: 66, appium:takesScreenshot: true, appium:viewportRect: {height: 2088, left: 0, top: 66, width: 1080}, appium:warnings: {}, appium:webStorageEnabled: false, platformName: ANDROID}
Session ID: ebbd30bc-705e-4c49-83b5-1fe2fdee64d1
at org.openqa.selenium.remote.codec.w3c.W3CHttpResponseCodec.createException(W3CHttpResponseCodec.java:199)
at org.openqa.selenium.remote.codec.w3c.W3CHttpResponseCodec.decode(W3CHttpResponseCodec.java:132)
at org.openqa.selenium.remote.codec.w3c.W3CHttpResponseCodec.decode(W3CHttpResponseCodec.java:51)
at org.openqa.selenium.remote.HttpCommandExecutor.execute(HttpCommandExecutor.java:191)
at io.appium.java_client.remote.AppiumCommandExecutor.execute(AppiumCommandExecutor.java:250)
at org.openqa.selenium.remote.RemoteWebDriver.execute(RemoteWebDriver.java:531)
at org.openqa.selenium.remote.ElementLocation$ElementFinder$2.findElement(ElementLocation.java:165)
at org.openqa.selenium.remote.ElementLocation.findElement(ElementLocation.java:59)
at org.openqa.selenium.remote.RemoteWebDriver.findElement(RemoteWebDriver.java:350)
at org.openqa.selenium.remote.RemoteWebDriver.findElement(RemoteWebDriver.java:344)
at com.pitch40.pageObjects.android.InvestorOnboardingPage.InvestorProfilePicUpload(InvestorOnboardingPage.java:186)
at com.pitch40.test.InvestorSignUpTest.InvestorOnboarding(InvestorSignUpTest.java:86)
... Removed 30 stack frames]]>
    </failure>
  </testcase> <!-- InvestorOnboarding -->
</testsuite> <!-- Verify investor is able to sign-up as an investor in the application and complete the onboarding process. -->
